<?xml version="1.0" encoding="UTF-8"?>
<testng-results ignored="0" total="7" passed="0" failed="7" skipped="0">
  <reporter-output>
  </reporter-output>
  <suite started-at="2023-11-16T19:46:34 IST" name="Default suite" finished-at="2023-11-16T19:47:04 IST" duration-ms="29769">
    <groups>
      <group name="cucumber">
        <method signature="AbstractTestNGCucumberTests.runScenario(io.cucumber.testng.PickleWrapper,io.cucumber.testng.FeatureWrapper)[pri:0, instance:tests.Runner3@7ce69770]" name="runScenario" class="io.cucumber.testng.AbstractTestNGCucumberTests"/>
      </group> <!-- cucumber -->
    </groups>
    <test started-at="2023-11-16T19:46:34 IST" name="Default test" finished-at="2023-11-16T19:47:04 IST" duration-ms="29769">
      <class name="tests.Runner3">
        <test-method is-config="true" signature="setUpClass(org.testng.ITestContext)[pri:0, instance:tests.Runner3@7ce69770]" started-at="2023-11-16T19:46:34 IST" name="setUpClass" finished-at="2023-11-16T19:46:37 IST" duration-ms="2176" status="PASS">
          <params>
            <param index="0">
              <value>
                <![CDATA[org.testng.TestRunner@2e4b5da1]]>
              </value>
            </param>
          </params>
          <reporter-output>
          </reporter-output>
        </test-method> <!-- setUpClass -->
        <test-method signature="runScenario(io.cucumber.testng.PickleWrapper,io.cucumber.testng.FeatureWrapper)[pri:0, instance:tests.Runner3@7ce69770]" started-at="2023-11-16T19:46:37 IST" name="runScenario" description="Runs Cucumber Scenarios" data-provider="scenarios" finished-at="2023-11-16T19:46:43 IST" duration-ms="6650" status="FAIL">
          <params>
            <param index="0">
              <value>
                <![CDATA["get secific post in data driven"]]>
              </value>
            </param>
            <param index="1">
              <value>
                <![CDATA["Optional[get posts and posts creation]"]]>
              </value>
            </param>
          </params>
          <exception class="java.lang.AssertionError">
            <message>
              <![CDATA[expected [true] but found [false]]]>
            </message>
            <full-stacktrace>
              <![CDATA[java.lang.AssertionError: expected [true] but found [false]
at org.testng.Assert.fail(Assert.java:111)
at org.testng.Assert.failNotEquals(Assert.java:1578)
at org.testng.Assert.assertTrue(Assert.java:57)
at org.testng.Assert.assertTrue(Assert.java:67)
at gluecode.StepDefs2.method1(StepDefs2.java:43)
at ✽.status code is "400" as per "blank" in json response body(file:///D:/Interview/API_Project_Using_Restassured-BDDcucumber-pico-testng/src/test/resources/features/feature2.feature:10)
]]>
            </full-stacktrace>
          </exception> <!-- java.lang.AssertionError -->
          <reporter-output>
          </reporter-output>
        </test-method> <!-- runScenario -->
        <test-method signature="runScenario(io.cucumber.testng.PickleWrapper,io.cucumber.testng.FeatureWrapper)[pri:0, instance:tests.Runner3@7ce69770]" started-at="2023-11-16T19:46:43 IST" name="runScenario" description="Runs Cucumber Scenarios" data-provider="scenarios" finished-at="2023-11-16T19:46:45 IST" duration-ms="1666" status="FAIL">
          <params>
            <param index="0">
              <value>
                <![CDATA["create a new post"]]>
              </value>
            </param>
            <param index="1">
              <value>
                <![CDATA["Optional[get posts and posts creation]"]]>
              </value>
            </param>
          </params>
          <exception class="java.lang.AssertionError">
            <message>
              <![CDATA[expected [true] but found [false]]]>
            </message>
            <full-stacktrace>
              <![CDATA[java.lang.AssertionError: expected [true] but found [false]
at org.testng.Assert.fail(Assert.java:111)
at org.testng.Assert.failNotEquals(Assert.java:1578)
at org.testng.Assert.assertTrue(Assert.java:57)
at org.testng.Assert.assertTrue(Assert.java:67)
at gluecode.StepDefs2.method3(StepDefs2.java:88)
at ✽.status code is "200" as per "duplicate" and content type is "application/json"(file:///D:/Interview/API_Project_Using_Restassured-BDDcucumber-pico-testng/src/test/resources/features/feature2.feature:27)
]]>
            </full-stacktrace>
          </exception> <!-- java.lang.AssertionError -->
          <reporter-output>
          </reporter-output>
        </test-method> <!-- runScenario -->
        <test-method signature="runScenario(io.cucumber.testng.PickleWrapper,io.cucumber.testng.FeatureWrapper)[pri:0, instance:tests.Runner3@7ce69770]" started-at="2023-11-16T19:46:45 IST" name="runScenario" description="Runs Cucumber Scenarios" data-provider="scenarios" finished-at="2023-11-16T19:46:46 IST" duration-ms="1344" status="FAIL">
          <params>
            <param index="0">
              <value>
                <![CDATA["create a new post"]]>
              </value>
            </param>
            <param index="1">
              <value>
                <![CDATA["Optional[get posts and posts creation]"]]>
              </value>
            </param>
          </params>
          <exception class="java.lang.AssertionError">
            <message>
              <![CDATA[expected [true] but found [false]]]>
            </message>
            <full-stacktrace>
              <![CDATA[java.lang.AssertionError: expected [true] but found [false]
at org.testng.Assert.fail(Assert.java:111)
at org.testng.Assert.failNotEquals(Assert.java:1578)
at org.testng.Assert.assertTrue(Assert.java:57)
at org.testng.Assert.assertTrue(Assert.java:67)
at gluecode.StepDefs2.method3(StepDefs2.java:88)
at ✽.status code is "400" as per "wrong" and content type is "application/json"(file:///D:/Interview/API_Project_Using_Restassured-BDDcucumber-pico-testng/src/test/resources/features/feature2.feature:27)
]]>
            </full-stacktrace>
          </exception> <!-- java.lang.AssertionError -->
          <reporter-output>
          </reporter-output>
        </test-method> <!-- runScenario -->
        <test-method signature="runScenario(io.cucumber.testng.PickleWrapper,io.cucumber.testng.FeatureWrapper)[pri:0, instance:tests.Runner3@7ce69770]" started-at="2023-11-16T19:46:46 IST" name="runScenario" description="Runs Cucumber Scenarios" data-provider="scenarios" finished-at="2023-11-16T19:46:52 IST" duration-ms="5156" status="FAIL">
          <params>
            <param index="0">
              <value>
                <![CDATA[""]]>
              </value>
            </param>
            <param index="1">
              <value>
                <![CDATA["Optional[posts creation]"]]>
              </value>
            </param>
          </params>
          <exception class="java.lang.AssertionError">
            <message>
              <![CDATA[The following asserts failed:
expected [true] but found [false],
expected [true] but found [false]]]>
            </message>
            <full-stacktrace>
              <![CDATA[java.lang.AssertionError: The following asserts failed:
expected [true] but found [false],
expected [true] but found [false]
at org.testng.asserts.SoftAssert.assertAll(SoftAssert.java:46)
at org.testng.asserts.SoftAssert.assertAll(SoftAssert.java:30)
at gluecode.StepDefs3.method1(StepDefs3.java:77)
at ✽.validate that restful service with content type as "application/json"(file:///D:/Interview/API_Project_Using_Restassured-BDDcucumber-pico-testng/src/test/resources/features/feature3.feature:7)
]]>
            </full-stacktrace>
          </exception> <!-- java.lang.AssertionError -->
          <reporter-output>
          </reporter-output>
        </test-method> <!-- runScenario -->
        <test-method signature="runScenario(io.cucumber.testng.PickleWrapper,io.cucumber.testng.FeatureWrapper)[pri:0, instance:tests.Runner3@7ce69770]" started-at="2023-11-16T19:46:52 IST" name="runScenario" description="Runs Cucumber Scenarios" data-provider="scenarios" finished-at="2023-11-16T19:46:53 IST" duration-ms="1562" status="FAIL">
          <params>
            <param index="0">
              <value>
                <![CDATA["delete an existing post"]]>
              </value>
            </param>
            <param index="1">
              <value>
                <![CDATA["Optional[posts deletion]"]]>
              </value>
            </param>
          </params>
          <exception class="java.lang.AssertionError">
            <message>
              <![CDATA[expected [true] but found [false]]]>
            </message>
            <full-stacktrace>
              <![CDATA[java.lang.AssertionError: expected [true] but found [false]
at org.testng.Assert.fail(Assert.java:111)
at org.testng.Assert.failNotEquals(Assert.java:1578)
at org.testng.Assert.assertTrue(Assert.java:57)
at org.testng.Assert.assertTrue(Assert.java:67)
at gluecode.StepDefs4.method2(StepDefs4.java:40)
at ✽.status code is 204(file:///D:/Interview/API_Project_Using_Restassured-BDDcucumber-pico-testng/src/test/resources/features/feature4.feature:10)
]]>
            </full-stacktrace>
          </exception> <!-- java.lang.AssertionError -->
          <reporter-output>
          </reporter-output>
        </test-method> <!-- runScenario -->
        <test-method signature="runScenario(io.cucumber.testng.PickleWrapper,io.cucumber.testng.FeatureWrapper)[pri:0, instance:tests.Runner3@7ce69770]" started-at="2023-11-16T19:46:53 IST" name="runScenario" description="Runs Cucumber Scenarios" data-provider="scenarios" finished-at="2023-11-16T19:46:58 IST" duration-ms="4885" status="FAIL">
          <params>
            <param index="0">
              <value>
                <![CDATA["delete posts"]]>
              </value>
            </param>
            <param index="1">
              <value>
                <![CDATA["Optional[posts deletion]"]]>
              </value>
            </param>
          </params>
          <exception class="java.lang.RuntimeException">
            <message>
              <![CDATA[Wrong line number]]>
            </message>
            <full-stacktrace>
              <![CDATA[java.lang.RuntimeException: Wrong line number
at utilities.TextFilesUtility.getValuesOfLine(TextFilesUtility.java:32)
at gluecode.StepDefs4.method12(StepDefs4.java:50)
at ✽.submit request via DELETE to service by taking data from text file(file:///D:/Interview/API_Project_Using_Restassured-BDDcucumber-pico-testng/src/test/resources/features/feature4.feature:14)
]]>
            </full-stacktrace>
          </exception> <!-- java.lang.RuntimeException -->
          <reporter-output>
          </reporter-output>
        </test-method> <!-- runScenario -->
        <test-method signature="runScenario(io.cucumber.testng.PickleWrapper,io.cucumber.testng.FeatureWrapper)[pri:0, instance:tests.Runner3@7ce69770]" started-at="2023-11-16T19:46:58 IST" name="runScenario" description="Runs Cucumber Scenarios" data-provider="scenarios" finished-at="2023-11-16T19:47:04 IST" duration-ms="5968" status="FAIL">
          <params>
            <param index="0">
              <value>
                <![CDATA["update posts"]]>
              </value>
            </param>
            <param index="1">
              <value>
                <![CDATA["Optional[posts updation]"]]>
              </value>
            </param>
          </params>
          <exception class="java.lang.AssertionError">
            <message>
              <![CDATA[The following asserts failed:
expected [true] but found [false],
expected [true] but found [false]]]>
            </message>
            <full-stacktrace>
              <![CDATA[java.lang.AssertionError: The following asserts failed:
expected [true] but found [false],
expected [true] but found [false]
at org.testng.asserts.SoftAssert.assertAll(SoftAssert.java:46)
at org.testng.asserts.SoftAssert.assertAll(SoftAssert.java:30)
at gluecode.StepDefs5.method3(StepDefs5.java:112)
at ✽.validate response as per data in excel file(file:///D:/Interview/API_Project_Using_Restassured-BDDcucumber-pico-testng/src/test/resources/features/feature5.feature:18)
]]>
            </full-stacktrace>
          </exception> <!-- java.lang.AssertionError -->
          <reporter-output>
          </reporter-output>
        </test-method> <!-- runScenario -->
        <test-method is-config="true" signature="tearDownClass()[pri:0, instance:tests.Runner3@7ce69770]" started-at="2023-11-16T19:47:04 IST" name="tearDownClass" finished-at="2023-11-16T19:47:04 IST" duration-ms="123" status="PASS">
          <reporter-output>
          </reporter-output>
        </test-method> <!-- tearDownClass -->
      </class> <!-- tests.Runner3 -->
    </test> <!-- Default test -->
  </suite> <!-- Default suite -->
</testng-results>
